s:\graduate\dsv - 1\dsv\x64\release\vc143.pdb
s:\graduate\dsv - 1\dsv\x64\release\qrc_icon.obj
s:\graduate\dsv - 1\dsv\x64\release\contourrenderelement.obj
s:\graduate\dsv - 1\dsv\x64\release\prefetchthread.obj
s:\graduate\dsv - 1\dsv\x64\release\inputdialog.obj
s:\graduate\dsv - 1\dsv\x64\release\mainwin.obj
s:\graduate\dsv - 1\dsv\x64\release\itemdialog.obj
s:\graduate\dsv - 1\dsv\x64\release\openslideimage.obj
s:\graduate\dsv - 1\dsv\x64\release\renderelement.obj
s:\graduate\dsv - 1\dsv\x64\release\patch.obj
s:\graduate\dsv - 1\dsv\x64\release\ellipserenderelement.obj
s:\graduate\dsv - 1\dsv\x64\release\pathologyviewer.obj
s:\graduate\dsv - 1\dsv\x64\release\imagefilter.obj
s:\graduate\dsv - 1\dsv\x64\release\minimap.obj
s:\graduate\dsv - 1\dsv\x64\release\centeredtoolbar.obj
s:\graduate\dsv - 1\dsv\x64\release\multiresolutionimagefactory.obj
s:\graduate\dsv - 1\dsv\x64\release\rectrenderelement.obj
s:\graduate\dsv - 1\dsv\x64\release\snapdialog.obj
s:\graduate\dsv - 1\dsv\x64\release\qimagegraphicscene.obj
s:\graduate\dsv - 1\dsv\x64\release\main.obj
s:\graduate\dsv - 1\dsv\x64\release\linerenderelement.obj
s:\graduate\dsv - 1\dsv\x64\release\snapwidget.obj
s:\graduate\dsv - 1\dsv\x64\release\iothread.obj
s:\graduate\dsv - 1\dsv\x64\release\tilemanager.obj
s:\graduate\dsv - 1\dsv\x64\release\textrenderelement.obj
s:\graduate\dsv - 1\dsv\x64\release\slidecolormanagement.obj
s:\graduate\dsv - 1\dsv\x64\release\wsitilegraphicsitem.obj
s:\graduate\dsv - 1\dsv\x64\release\ioworker.obj
s:\graduate\dsv - 1\dsv\x64\release\wsitilegraphicsitemcache.obj
s:\graduate\dsv - 1\dsv\x64\release\imagesource.obj
s:\graduate\dsv - 1\dsv\x64\release\labelwin.obj
s:\graduate\dsv - 1\dsv\x64\release\scalebar.obj
s:\graduate\dsv - 1\dsv\x64\release\filewidget.obj
s:\graduate\dsv - 1\dsv\x64\release\plotbar.obj
s:\graduate\dsv - 1\dsv\x64\release\detaildialog.obj
s:\graduate\dsv - 1\dsv\x64\release\multiresolutionimage.obj
s:\graduate\dsv - 1\dsv\x64\release\moc_prefetchthread.obj
s:\graduate\dsv - 1\dsv\x64\release\moc_wsitilegraphicsitemcache.obj
s:\graduate\dsv - 1\dsv\x64\release\moc_filewidget.obj
s:\graduate\dsv - 1\dsv\x64\release\moc_scalebar.obj
s:\graduate\dsv - 1\dsv\x64\release\moc_snapdialog.obj
s:\graduate\dsv - 1\dsv\x64\release\moc_centeredtoolbar.obj
s:\graduate\dsv - 1\dsv\x64\release\moc_ioworker.obj
s:\graduate\dsv - 1\dsv\x64\release\moc_minimap.obj
s:\graduate\dsv - 1\dsv\x64\release\moc_plotbar.obj
s:\graduate\dsv - 1\dsv\x64\release\moc_inputdialog.obj
s:\graduate\dsv - 1\dsv\x64\release\moc_qimagegraphicscene.obj
s:\graduate\dsv - 1\dsv\x64\release\moc_tilemanager.obj
s:\graduate\dsv - 1\dsv\x64\release\moc_itemdialog.obj
s:\graduate\dsv - 1\dsv\x64\release\moc_linerenderelement.obj
s:\graduate\dsv - 1\dsv\x64\release\moc_imagefilter.obj
s:\graduate\dsv - 1\dsv\x64\release\moc_iothread.obj
s:\graduate\dsv - 1\dsv\x64\release\moc_contourrenderelement.obj
s:\graduate\dsv - 1\dsv\x64\release\moc_rectrenderelement.obj
s:\graduate\dsv - 1\dsv\x64\release\moc_mainwin.obj
s:\graduate\dsv - 1\dsv\x64\release\moc_detaildialog.obj
s:\graduate\dsv - 1\dsv\x64\release\moc_pathologyviewer.obj
s:\graduate\dsv - 1\dsv\x64\release\moc_ellipserenderelement.obj
s:\graduate\dsv - 1\dsv\x64\release\moc_labelwin.obj
s:\graduate\dsv - 1\dsv\x64\release\moc_snapwidget.obj
s:\graduate\dsv - 1\dsv\x64\release\qt\rcc\qrc_icon.cpp
s:\graduate\dsv - 1\dsv\x64\release\qt\moc\moc_mainwin.cpp
s:\graduate\dsv - 1\dsv\x64\release\qt\moc\moc_centeredtoolbar.cpp
s:\graduate\dsv - 1\dsv\x64\release\qt\moc\moc_filewidget.cpp
s:\graduate\dsv - 1\dsv\x64\release\qt\moc\moc_prefetchthread.cpp
s:\graduate\dsv - 1\dsv\x64\release\qt\moc\moc_minimap.cpp
s:\graduate\dsv - 1\dsv\x64\release\qt\moc\moc_inputdialog.cpp
s:\graduate\dsv - 1\dsv\x64\release\qt\moc\moc_labelwin.cpp
s:\graduate\dsv - 1\dsv\x64\release\qt\moc\moc_detaildialog.cpp
s:\graduate\dsv - 1\dsv\x64\release\qt\moc\moc_imagefilter.cpp
s:\graduate\dsv - 1\dsv\x64\release\qt\moc\moc_itemdialog.cpp
s:\graduate\dsv - 1\dsv\x64\release\qt\moc\moc_contourrenderelement.cpp
s:\graduate\dsv - 1\dsv\x64\release\qt\moc\moc_ellipserenderelement.cpp
s:\graduate\dsv - 1\dsv\x64\release\qt\moc\moc_linerenderelement.cpp
s:\graduate\dsv - 1\dsv\x64\release\qt\moc\moc_qimagegraphicscene.cpp
s:\graduate\dsv - 1\dsv\x64\release\qt\moc\moc_rectrenderelement.cpp
s:\graduate\dsv - 1\dsv\x64\release\qt\moc\moc_scalebar.cpp
s:\graduate\dsv - 1\dsv\x64\release\qt\moc\moc_snapdialog.cpp
s:\graduate\dsv - 1\dsv\x64\release\qt\moc\moc_plotbar.cpp
s:\graduate\dsv - 1\dsv\x64\release\qt\moc\moc_snapwidget.cpp
s:\graduate\dsv - 1\dsv\x64\release\qt\moc\moc_wsitilegraphicsitemcache.cpp
s:\graduate\dsv - 1\dsv\x64\release\qt\moc\moc_tilemanager.cpp
s:\graduate\dsv - 1\dsv\x64\release\qt\moc\moc_iothread.cpp
s:\graduate\dsv - 1\dsv\x64\release\qt\moc\moc_ioworker.cpp
s:\graduate\dsv - 1\dsv\x64\release\qt\moc\moc_pathologyviewer.cpp
s:\graduate\dsv - 1\x64\release\libopenslide-1.dll
s:\graduate\dsv - 1\x64\release\dsv.exe
s:\graduate\dsv - 1\x64\release\dsv.pdb
s:\graduate\dsv - 1\dsv\x64\release\dsv.res
s:\graduate\dsv - 1\dsv\x64\release\dsv.ipdb
s:\graduate\dsv - 1\dsv\x64\release\dsv.iobj
s:\graduate\dsv - 1\dsv\x64\release\dsv.tlog\cl.command.1.tlog
s:\graduate\dsv - 1\dsv\x64\release\dsv.tlog\cl.items.tlog
s:\graduate\dsv - 1\dsv\x64\release\dsv.tlog\cl.read.1.tlog
s:\graduate\dsv - 1\dsv\x64\release\dsv.tlog\cl.write.1.tlog
s:\graduate\dsv - 1\dsv\x64\release\dsv.tlog\dsv.write.1u.tlog
s:\graduate\dsv - 1\dsv\x64\release\dsv.tlog\link.command.1.tlog
s:\graduate\dsv - 1\dsv\x64\release\dsv.tlog\link.read.1.tlog
s:\graduate\dsv - 1\dsv\x64\release\dsv.tlog\link.secondary.1.tlog
s:\graduate\dsv - 1\dsv\x64\release\dsv.tlog\link.write.1.tlog
s:\graduate\dsv - 1\dsv\x64\release\dsv.tlog\moc.read.1u.tlog
s:\graduate\dsv - 1\dsv\x64\release\dsv.tlog\moc.write.1u.tlog
s:\graduate\dsv - 1\dsv\x64\release\dsv.tlog\rc.command.1.tlog
s:\graduate\dsv - 1\dsv\x64\release\dsv.tlog\rc.read.1.tlog
s:\graduate\dsv - 1\dsv\x64\release\dsv.tlog\rc.write.1.tlog
s:\graduate\dsv - 1\dsv\x64\release\dsv.tlog\rcc.read.1u.tlog
s:\graduate\dsv - 1\dsv\x64\release\dsv.tlog\rcc.write.1u.tlog
