s:\graduate\dsv - 1\dsv\x64\debug\vc143.pdb
s:\graduate\dsv - 1\dsv\x64\debug\vc143.idb
s:\graduate\dsv - 1\dsv\x64\debug\qrc_icon.obj
s:\graduate\dsv - 1\dsv\x64\debug\iothread.obj
s:\graduate\dsv - 1\dsv\x64\debug\snapwidget.obj
s:\graduate\dsv - 1\dsv\x64\debug\contourrenderelement.obj
s:\graduate\dsv - 1\dsv\x64\debug\plotbar.obj
s:\graduate\dsv - 1\dsv\x64\debug\detaildialog.obj
s:\graduate\dsv - 1\dsv\x64\debug\multiresolutionimagefactory.obj
s:\graduate\dsv - 1\dsv\x64\debug\qimagegraphicscene.obj
s:\graduate\dsv - 1\dsv\x64\debug\main.obj
s:\graduate\dsv - 1\dsv\x64\debug\itemdialog.obj
s:\graduate\dsv - 1\dsv\x64\debug\prefetchthread.obj
s:\graduate\dsv - 1\dsv\x64\debug\inputdialog.obj
s:\graduate\dsv - 1\dsv\x64\debug\multiresolutionimage.obj
s:\graduate\dsv - 1\dsv\x64\debug\imagefilter.obj
s:\graduate\dsv - 1\dsv\x64\debug\mainwin.obj
s:\graduate\dsv - 1\dsv\x64\debug\centeredtoolbar.obj
s:\graduate\dsv - 1\dsv\x64\debug\patch.obj
s:\graduate\dsv - 1\dsv\x64\debug\linerenderelement.obj
s:\graduate\dsv - 1\dsv\x64\debug\openslideimage.obj
s:\graduate\dsv - 1\dsv\x64\debug\ioworker.obj
s:\graduate\dsv - 1\dsv\x64\debug\wsitilegraphicsitemcache.obj
s:\graduate\dsv - 1\dsv\x64\debug\imagesource.obj
s:\graduate\dsv - 1\dsv\x64\debug\labelwin.obj
s:\graduate\dsv - 1\dsv\x64\debug\snapdialog.obj
s:\graduate\dsv - 1\dsv\x64\debug\filewidget.obj
s:\graduate\dsv - 1\dsv\x64\debug\tilemanager.obj
s:\graduate\dsv - 1\dsv\x64\debug\ellipserenderelement.obj
s:\graduate\dsv - 1\dsv\x64\debug\scalebar.obj
s:\graduate\dsv - 1\dsv\x64\debug\rectrenderelement.obj
s:\graduate\dsv - 1\dsv\x64\debug\slidecolormanagement.obj
s:\graduate\dsv - 1\dsv\x64\debug\wsitilegraphicsitem.obj
s:\graduate\dsv - 1\dsv\x64\debug\textrenderelement.obj
s:\graduate\dsv - 1\dsv\x64\debug\pathologyviewer.obj
s:\graduate\dsv - 1\dsv\x64\debug\renderelement.obj
s:\graduate\dsv - 1\dsv\x64\debug\minimap.obj
s:\graduate\dsv - 1\dsv\x64\debug\moc_imagefilter.obj
s:\graduate\dsv - 1\dsv\x64\debug\moc_prefetchthread.obj
s:\graduate\dsv - 1\dsv\x64\debug\moc_snapdialog.obj
s:\graduate\dsv - 1\dsv\x64\debug\moc_plotbar.obj
s:\graduate\dsv - 1\dsv\x64\debug\moc_scalebar.obj
s:\graduate\dsv - 1\dsv\x64\debug\moc_ioworker.obj
s:\graduate\dsv - 1\dsv\x64\debug\moc_snapwidget.obj
s:\graduate\dsv - 1\dsv\x64\debug\moc_iothread.obj
s:\graduate\dsv - 1\dsv\x64\debug\moc_qimagegraphicscene.obj
s:\graduate\dsv - 1\dsv\x64\debug\moc_inputdialog.obj
s:\graduate\dsv - 1\dsv\x64\debug\moc_filewidget.obj
s:\graduate\dsv - 1\dsv\x64\debug\moc_wsitilegraphicsitemcache.obj
s:\graduate\dsv - 1\dsv\x64\debug\moc_tilemanager.obj
s:\graduate\dsv - 1\dsv\x64\debug\moc_centeredtoolbar.obj
s:\graduate\dsv - 1\dsv\x64\debug\moc_mainwin.obj
s:\graduate\dsv - 1\dsv\x64\debug\moc_labelwin.obj
s:\graduate\dsv - 1\dsv\x64\debug\moc_detaildialog.obj
s:\graduate\dsv - 1\dsv\x64\debug\moc_minimap.obj
s:\graduate\dsv - 1\dsv\x64\debug\moc_pathologyviewer.obj
s:\graduate\dsv - 1\dsv\x64\debug\moc_itemdialog.obj
s:\graduate\dsv - 1\dsv\x64\debug\qt\rcc\qrc_icon.cpp
s:\graduate\dsv - 1\dsv\x64\debug\qt\moc\moc_mainwin.cpp
s:\graduate\dsv - 1\dsv\x64\debug\qt\moc\moc_centeredtoolbar.cpp
s:\graduate\dsv - 1\dsv\x64\debug\qt\moc\moc_filewidget.cpp
s:\graduate\dsv - 1\dsv\x64\debug\qt\moc\moc_prefetchthread.cpp
s:\graduate\dsv - 1\dsv\x64\debug\qt\moc\moc_minimap.cpp
s:\graduate\dsv - 1\dsv\x64\debug\qt\moc\moc_inputdialog.cpp
s:\graduate\dsv - 1\dsv\x64\debug\qt\moc\moc_labelwin.cpp
s:\graduate\dsv - 1\dsv\x64\debug\qt\moc\moc_detaildialog.cpp
s:\graduate\dsv - 1\dsv\x64\debug\qt\moc\moc_imagefilter.cpp
s:\graduate\dsv - 1\dsv\x64\debug\qt\moc\moc_itemdialog.cpp
s:\graduate\dsv - 1\dsv\x64\debug\qt\moc\moc_qimagegraphicscene.cpp
s:\graduate\dsv - 1\dsv\x64\debug\qt\moc\moc_scalebar.cpp
s:\graduate\dsv - 1\dsv\x64\debug\qt\moc\moc_snapdialog.cpp
s:\graduate\dsv - 1\dsv\x64\debug\qt\moc\moc_plotbar.cpp
s:\graduate\dsv - 1\dsv\x64\debug\qt\moc\moc_snapwidget.cpp
s:\graduate\dsv - 1\dsv\x64\debug\qt\moc\moc_wsitilegraphicsitemcache.cpp
s:\graduate\dsv - 1\dsv\x64\debug\qt\moc\moc_tilemanager.cpp
s:\graduate\dsv - 1\dsv\x64\debug\qt\moc\moc_iothread.cpp
s:\graduate\dsv - 1\dsv\x64\debug\qt\moc\moc_ioworker.cpp
s:\graduate\dsv - 1\dsv\x64\debug\qt\moc\moc_pathologyviewer.cpp
s:\graduate\dsv - 1\x64\debug\dsv.exe
s:\graduate\dsv - 1\x64\debug\dsv.pdb
s:\graduate\dsv - 1\dsv\x64\debug\dsv.res
s:\graduate\dsv - 1\dsv\x64\debug\dsv.ilk
s:\graduate\dsv - 1\dsv\x64\debug\dsv.tlog\cl.command.1.tlog
s:\graduate\dsv - 1\dsv\x64\debug\dsv.tlog\cl.items.tlog
s:\graduate\dsv - 1\dsv\x64\debug\dsv.tlog\cl.read.1.tlog
s:\graduate\dsv - 1\dsv\x64\debug\dsv.tlog\cl.write.1.tlog
s:\graduate\dsv - 1\dsv\x64\debug\dsv.tlog\dsv.write.1u.tlog
s:\graduate\dsv - 1\dsv\x64\debug\dsv.tlog\link.command.1.tlog
s:\graduate\dsv - 1\dsv\x64\debug\dsv.tlog\link.read.1.tlog
s:\graduate\dsv - 1\dsv\x64\debug\dsv.tlog\link.secondary.1.tlog
s:\graduate\dsv - 1\dsv\x64\debug\dsv.tlog\link.write.1.tlog
s:\graduate\dsv - 1\dsv\x64\debug\dsv.tlog\moc.read.1u.tlog
s:\graduate\dsv - 1\dsv\x64\debug\dsv.tlog\moc.write.1u.tlog
s:\graduate\dsv - 1\dsv\x64\debug\dsv.tlog\rc.command.1.tlog
s:\graduate\dsv - 1\dsv\x64\debug\dsv.tlog\rc.read.1.tlog
s:\graduate\dsv - 1\dsv\x64\debug\dsv.tlog\rc.write.1.tlog
s:\graduate\dsv - 1\dsv\x64\debug\dsv.tlog\rcc.read.1u.tlog
s:\graduate\dsv - 1\dsv\x64\debug\dsv.tlog\rcc.write.1u.tlog
